{"name":"openTableSize","status":"broken","statusDetails":{"known":false,"muted":false,"flaky":false,"message":"It is impossible to create a new session because 'createSession' which takes HttpClient, InputStream and long was not found or it is not accessible\nBuild info: version: '3.141.59', revision: 'e82be7d358', time: '2018-11-14T08:17:03'\nSystem info: host: 'MacBook-Air-Tester.local', ip: 'fe80:0:0:0:1857:b55f:c10d:9ac4%en0', os.name: 'Mac OS X', os.arch: 'x86_64', os.version: '11.5.2', java.version: '17.0.1'\nDriver info: driver.version: IOSDriver","trace":"org.openqa.selenium.WebDriverException: It is impossible to create a new session because 'createSession' which takes HttpClient, InputStream and long was not found or it is not accessible\nBuild info: version: '3.141.59', revision: 'e82be7d358', time: '2018-11-14T08:17:03'\nSystem info: host: 'MacBook-Air-Tester.local', ip: 'fe80:0:0:0:1857:b55f:c10d:9ac4%en0', os.name: 'Mac OS X', os.arch: 'x86_64', os.version: '11.5.2', java.version: '17.0.1'\nDriver info: driver.version: IOSDriver\n\tat io.appium.java_client.remote.AppiumCommandExecutor$1.createSession(AppiumCommandExecutor.java:182)\n\tat io.appium.java_client.remote.AppiumCommandExecutor.createSession(AppiumCommandExecutor.java:196)\n\tat io.appium.java_client.remote.AppiumCommandExecutor.execute(AppiumCommandExecutor.java:218)\n\tat org.openqa.selenium.remote.RemoteWebDriver.execute(RemoteWebDriver.java:552)\n\tat io.appium.java_client.DefaultGenericMobileDriver.execute(DefaultGenericMobileDriver.java:42)\n\tat io.appium.java_client.AppiumDriver.execute(AppiumDriver.java:1)\n\tat io.appium.java_client.ios.IOSDriver.execute(IOSDriver.java:1)\n\tat org.openqa.selenium.remote.RemoteWebDriver.startSession(RemoteWebDriver.java:213)\n\tat org.openqa.selenium.remote.RemoteWebDriver.<init>(RemoteWebDriver.java:131)\n\tat io.appium.java_client.DefaultGenericMobileDriver.<init>(DefaultGenericMobileDriver.java:38)\n\tat io.appium.java_client.AppiumDriver.<init>(AppiumDriver.java:84)\n\tat io.appium.java_client.AppiumDriver.<init>(AppiumDriver.java:94)\n\tat io.appium.java_client.ios.IOSDriver.<init>(IOSDriver.java:90)\n\tat BasePage.BaseClass.setUp(BaseClass.java:30)\n\tat jdk.internal.reflect.GeneratedMethodAccessor3.invoke(Unknown Source)\n\tat java.base/jdk.internal.reflect.DelegatingMethodAccessorImpl.invoke(DelegatingMethodAccessorImpl.java:43)\n\tat java.base/java.lang.reflect.Method.invoke(Method.java:568)\n\tat org.junit.runners.model.FrameworkMethod$1.runReflectiveCall(FrameworkMethod.java:59)\n\tat org.junit.internal.runners.model.ReflectiveCallable.run(ReflectiveCallable.java:12)\n\tat org.junit.runners.model.FrameworkMethod.invokeExplosively(FrameworkMethod.java:56)\n\tat org.junit.internal.runners.statements.RunBefores.invokeMethod(RunBefores.java:33)\n\tat org.junit.internal.runners.statements.RunBefores.evaluate(RunBefores.java:24)\n\tat org.junit.internal.runners.statements.RunAfters.evaluate(RunAfters.java:27)\n\tat org.junit.runners.ParentRunner$3.evaluate(ParentRunner.java:306)\n\tat org.junit.runners.BlockJUnit4ClassRunner$1.evaluate(BlockJUnit4ClassRunner.java:100)\n\tat org.junit.runners.ParentRunner.runLeaf(ParentRunner.java:366)\n\tat org.junit.runners.BlockJUnit4ClassRunner.runChild(BlockJUnit4ClassRunner.java:103)\n\tat org.junit.runners.BlockJUnit4ClassRunner.runChild(BlockJUnit4ClassRunner.java:63)\n\tat org.junit.runners.ParentRunner$4.run(ParentRunner.java:331)\n\tat org.junit.runners.ParentRunner$1.schedule(ParentRunner.java:79)\n\tat org.junit.runners.ParentRunner.runChildren(ParentRunner.java:329)\n\tat org.junit.runners.ParentRunner.access$100(ParentRunner.java:66)\n\tat org.junit.runners.ParentRunner$2.evaluate(ParentRunner.java:293)\n\tat org.junit.runners.ParentRunner$3.evaluate(ParentRunner.java:306)\n\tat org.junit.runners.ParentRunner.run(ParentRunner.java:413)\n\tat org.apache.maven.surefire.junit4.JUnit4Provider.execute(JUnit4Provider.java:365)\n\tat org.apache.maven.surefire.junit4.JUnit4Provider.executeWithRerun(JUnit4Provider.java:273)\n\tat org.apache.maven.surefire.junit4.JUnit4Provider.executeTestSet(JUnit4Provider.java:238)\n\tat org.apache.maven.surefire.junit4.JUnit4Provider.invoke(JUnit4Provider.java:159)\n\tat org.apache.maven.surefire.booter.ForkedBooter.invokeProviderInSameClassLoader(ForkedBooter.java:384)\n\tat org.apache.maven.surefire.booter.ForkedBooter.runSuitesInProcess(ForkedBooter.java:345)\n\tat org.apache.maven.surefire.booter.ForkedBooter.execute(ForkedBooter.java:126)\n\tat org.apache.maven.surefire.booter.ForkedBooter.main(ForkedBooter.java:418)\nCaused by: java.lang.reflect.InvocationTargetException\n\tat jdk.internal.reflect.GeneratedMethodAccessor4.invoke(Unknown Source)\n\tat java.base/jdk.internal.reflect.DelegatingMethodAccessorImpl.invoke(DelegatingMethodAccessorImpl.java:43)\n\tat java.base/java.lang.reflect.Method.invoke(Method.java:568)\n\tat io.appium.java_client.remote.AppiumCommandExecutor$1.createSession(AppiumCommandExecutor.java:172)\n\t... 42 more\nCaused by: org.openqa.selenium.WebDriverException: An unknown server-side error occurred while processing the command. Original error: Unable to launch WebDriverAgent because of xcodebuild failure: xcodebuild failed with code 70\nxcodebuild error message:\n\n2021-12-01 15:22:06.018 xcodebuild[7290:155883] Error writing xctestrun file: Error Domain=NSCocoaErrorDomain Code=4 \"The folder “WebDriverAgentRunner_iphoneos14.5-arm64.xctestrun” doesn’t exist.\" UserInfo={NSFilePath=/Users/testerkingbird/Library/Developer/Xcode/DerivedData/WebDriverAgent-alwvnomvwrdtzoaxbbkniqrpcdpp/Build/Products/WebDriverAgentRunner_iphoneos14.5-arm64.xctestrun, NSUserStringVariant=Folder, NSUnderlyingError=0x7fb31a1e4b10 {Error Domain=NSPOSIXErrorDomain Code=2 \"No such file or directory\"}}\n** TEST BUILD FAILED **\n2021-12-01 15:22:06.028 xcodebuild[7290:155809] [MT] DVTAssertions: Warning in /Library/Caches/com.apple.xbs/Sources/IDEFrameworks/IDEFrameworks-18212/IDEFoundation/Testing/IDETestRunSpecificationBuilder.m:678\nDetails:  Failed to compute path to baseline file during test run spec construction: <XCTHTestRunSpecification: 0x7fb31a86a090>\nObject:   <IDETestRunSpecificationBuilder>\nMethod:   +testRunSpecificationsForTestingSpecifiers:scheme:buildables:withBuildParameters:additionalEnvironmentVariables:additionalCommandLineArguments:testRerunPolicy:includeClangProfileParameters:shouldDebugAppExtensions:error:\nThread:   <NSThread: 0x7fb3190136d0>{number = 1, name = main}\nPlease file a bug at https://feedbackassistant.apple.com with this warning message and any useful information you can provide.\nxcodebuild: error: Failed to build project WebDriverAgent with scheme WebDriverAgentRunner.\n\tReason: Cannot test target “WebDriverAgentRunner” on “test100-SM-iPOD-KingBird”: test100-SM-iPOD-KingBird’s iOS 12.4.6 doesn’t match WebDriverAgentRunner’s iOS 14.8 deployment target.. Make sure you follow the tutorial at https://github.com/appium/appium-xcuitest-driver/blob/master/docs/real-device-config.md. Try to remove the WebDriverAgentRunner application from the device if it is installed and reboot the device.\nBuild info: version: '3.141.59', revision: 'e82be7d358', time: '2018-11-14T08:17:03'\nSystem info: host: 'MacBook-Air-Tester.local', ip: 'fe80:0:0:0:1857:b55f:c10d:9ac4%en0', os.name: 'Mac OS X', os.arch: 'x86_64', os.version: '11.5.2', java.version: '17.0.1'\nDriver info: driver.version: IOSDriver\nremote stacktrace: UnknownError: An unknown server-side error occurred while processing the command. Original error: Unable to launch WebDriverAgent because of xcodebuild failure: xcodebuild failed with code 70\nxcodebuild error message:\n\n2021-12-01 15:22:06.018 xcodebuild[7290:155883] Error writing xctestrun file: Error Domain=NSCocoaErrorDomain Code=4 \"The folder “WebDriverAgentRunner_iphoneos14.5-arm64.xctestrun” doesn’t exist.\" UserInfo={NSFilePath=/Users/testerkingbird/Library/Developer/Xcode/DerivedData/WebDriverAgent-alwvnomvwrdtzoaxbbkniqrpcdpp/Build/Products/WebDriverAgentRunner_iphoneos14.5-arm64.xctestrun, NSUserStringVariant=Folder, NSUnderlyingError=0x7fb31a1e4b10 {Error Domain=NSPOSIXErrorDomain Code=2 \"No such file or directory\"}}\n** TEST BUILD FAILED **\n2021-12-01 15:22:06.028 xcodebuild[7290:155809] [MT] DVTAssertions: Warning in /Library/Caches/com.apple.xbs/Sources/IDEFrameworks/IDEFrameworks-18212/IDEFoundation/Testing/IDETestRunSpecificationBuilder.m:678\nDetails:  Failed to compute path to baseline file during test run spec construction: <XCTHTestRunSpecification: 0x7fb31a86a090>\nObject:   <IDETestRunSpecificationBuilder>\nMethod:   +testRunSpecificationsForTestingSpecifiers:scheme:buildables:withBuildParameters:additionalEnvironmentVariables:additionalCommandLineArguments:testRerunPolicy:includeClangProfileParameters:shouldDebugAppExtensions:error:\nThread:   <NSThread: 0x7fb3190136d0>{number = 1, name = main}\nPlease file a bug at https://feedbackassistant.apple.com with this warning message and any useful information you can provide.\nxcodebuild: error: Failed to build project WebDriverAgent with scheme WebDriverAgentRunner.\n\tReason: Cannot test target “WebDriverAgentRunner” on “test100-SM-iPOD-KingBird”: test100-SM-iPOD-KingBird’s iOS 12.4.6 doesn’t match WebDriverAgentRunner’s iOS 14.8 deployment target.. Make sure you follow the tutorial at https://github.com/appium/appium-xcuitest-driver/blob/master/docs/real-device-config.md. Try to remove the WebDriverAgentRunner application from the device if it is installed and reboot the device.\n    at getResponseForW3CError (/Applications/Appium.app/Contents/Resources/app/node_modules/appium/node_modules/appium-base-driver/lib/protocol/errors.js:804:9)\n    at asyncHandler (/Applications/Appium.app/Contents/Resources/app/node_modules/appium/node_modules/appium-base-driver/lib/protocol/protocol.js:380:37)\n    at runNextTicks (internal/process/task_queues.js:58:5)\n    at processImmediate (internal/timers.js:412:9)\n\tat java.base/jdk.internal.reflect.NativeConstructorAccessorImpl.newInstance0(Native Method)\n\tat java.base/jdk.internal.reflect.NativeConstructorAccessorImpl.newInstance(NativeConstructorAccessorImpl.java:77)\n\tat java.base/jdk.internal.reflect.DelegatingConstructorAccessorImpl.newInstance(DelegatingConstructorAccessorImpl.java:45)\n\tat java.base/java.lang.reflect.Constructor.newInstanceWithCaller(Constructor.java:499)\n\tat java.base/java.lang.reflect.Constructor.newInstance(Constructor.java:480)\n\tat org.openqa.selenium.remote.W3CHandshakeResponse.lambda$errorHandler$0(W3CHandshakeResponse.java:62)\n\tat org.openqa.selenium.remote.HandshakeResponse.lambda$getResponseFunction$0(HandshakeResponse.java:30)\n\tat org.openqa.selenium.remote.ProtocolHandshake.lambda$createSession$0(ProtocolHandshake.java:126)\n\tat java.base/java.util.stream.ReferencePipeline$3$1.accept(ReferencePipeline.java:197)\n\tat java.base/java.util.Spliterators$ArraySpliterator.tryAdvance(Spliterators.java:1002)\n\tat java.base/java.util.stream.ReferencePipeline.forEachWithCancel(ReferencePipeline.java:129)\n\tat java.base/java.util.stream.AbstractPipeline.copyIntoWithCancel(AbstractPipeline.java:527)\n\tat java.base/java.util.stream.AbstractPipeline.copyInto(AbstractPipeline.java:513)\n\tat java.base/java.util.stream.AbstractPipeline.wrapAndCopyInto(AbstractPipeline.java:499)\n\tat java.base/java.util.stream.FindOps$FindOp.evaluateSequential(FindOps.java:150)\n\tat java.base/java.util.stream.AbstractPipeline.evaluate(AbstractPipeline.java:234)\n\tat java.base/java.util.stream.ReferencePipeline.findFirst(ReferencePipeline.java:647)\n\tat org.openqa.selenium.remote.ProtocolHandshake.createSession(ProtocolHandshake.java:128)\n\t... 46 more\n"},"stage":"finished","description":"Проверка наличия ссылки на таблицу размеров и её открытие","steps":[],"attachments":[],"parameters":[],"start":1638357687579,"stop":1638357726410,"uuid":"9c3975c9-9b78-4c35-ba76-01aa45793d1e","historyId":"f2809e26de8f73269d23c9a5a6ce6dfd","fullName":"Tests.CartItemTest.openTableSize","labels":[{"name":"package","value":"Tests"},{"name":"testClass","value":"Tests.CartItemTest"},{"name":"testMethod","value":"openTableSize"},{"name":"suite","value":"Tests.CartItemTest"},{"name":"host","value":"MacBook-Air-Tester.local"},{"name":"thread","value":"4532@MacBook-Air-Tester.local.main(1)"},{"name":"framework","value":"junit4"},{"name":"language","value":"java"},{"name":"epic","value":"Карточка товара"},{"name":"feature","value":"Таблица размеров"}],"links":[{"name":"https://testrail.app.local/testrail/index.php?/cases/view/684821","type":"custom"}]}